<?xml version="1.0" encoding="UTF-8"?>
<!-- Generated by org.testng.reporters.JUnitReportReporter -->
<testsuite hostname="DESKTOP-ILIR5MF" name="GroupMethodClass.DataProviderParallelExecution" tests="3" failures="0" timestamp="2 Feb 2023 08:55:20 GMT" time="0.000" errors="0">
  <testcase name="loginTest" time="0.000" classname="GroupMethodClass.DataProviderParallelExecution"/>
  <testcase name="loginTest" time="0.000" classname="GroupMethodClass.DataProviderParallelExecution"/>
  <testcase name="loginTest" time="0.000" classname="GroupMethodClass.DataProviderParallelExecution"/>
</testsuite> <!-- GroupMethodClass.DataProviderParallelExecution -->
