<?xml version="1.0" encoding="UTF-8"?>
<!-- Generated by org.testng.reporters.JUnitReportReporter -->
<testsuite hostname="DESKTOP-ILIR5MF" name="GroupMethodClass.Test2" tests="3" failures="0" timestamp="2 Feb 2023 07:43:35 GMT" time="0.005" errors="0">
  <testcase name="b3" time="0.001" classname="GroupMethodClass.Test2"/>
  <testcase name="b2" time="0.004" classname="GroupMethodClass.Test2"/>
  <testcase name="b1" time="0.000" classname="GroupMethodClass.Test2"/>
</testsuite> <!-- GroupMethodClass.Test2 -->
