<?xml version="1.0" encoding="UTF-8"?>
<!-- Generated by org.testng.reporters.JUnitReportReporter -->
<testsuite hostname="DESKTOP-ILIR5MF" name="TestNGTest.DataProviderDemo" tests="5" failures="0" timestamp="31 Jan 2023 17:48:52 GMT" time="15.110" errors="0">
  <testcase name="loginTest" time="3.430" classname="TestNGTest.DataProviderDemo"/>
  <testcase name="loginTest" time="2.858" classname="TestNGTest.DataProviderDemo"/>
  <testcase name="loginTest" time="2.976" classname="TestNGTest.DataProviderDemo"/>
  <testcase name="loginTest" time="2.850" classname="TestNGTest.DataProviderDemo"/>
  <testcase name="loginTest" time="2.996" classname="TestNGTest.DataProviderDemo"/>
</testsuite> <!-- TestNGTest.DataProviderDemo -->
