<?xml version="1.0" encoding="UTF-8"?>
<!-- Generated by org.testng.reporters.JUnitReportReporter -->
<testsuite hostname="DESKTOP-ILIR5MF" name="GroupMethodClass.Test4" tests="2" failures="0" timestamp="2 Feb 2023 07:43:35 GMT" time="0.012" errors="0">
  <testcase name="d2" time="0.006" classname="GroupMethodClass.Test4"/>
  <testcase name="d1" time="0.006" classname="GroupMethodClass.Test4"/>
</testsuite> <!-- GroupMethodClass.Test4 -->
