<?xml version="1.0" encoding="UTF-8"?>
<!-- Generated by org.testng.reporters.JUnitReportReporter -->
<testsuite hostname="DESKTOP-ILIR5MF" name="GroupMethodClass.Test1" tests="2" failures="0" timestamp="2 Feb 2023 07:43:35 GMT" time="0.012" errors="0">
  <testcase name="a1" time="0.006" classname="GroupMethodClass.Test1"/>
  <testcase name="a2" time="0.006" classname="GroupMethodClass.Test1"/>
</testsuite> <!-- GroupMethodClass.Test1 -->
