<?xml version="1.0" encoding="UTF-8"?>
<!-- Generated by org.testng.reporters.JUnitReportReporter -->
<testsuite hostname="DESKTOP-ILIR5MF" name="TestNGTest.GoogleDemo" tests="2" failures="0" timestamp="16 Jan 2023 08:58:18 GMT" time="0.017" errors="0">
  <testcase name="url" time="0.006" classname="TestNGTest.GoogleDemo"/>
  <testcase name="title" time="0.011" classname="TestNGTest.GoogleDemo"/>
</testsuite> <!-- TestNGTest.GoogleDemo -->
