<?xml version="1.0" encoding="UTF-8"?>
<!-- Generated by org.testng.reporters.JUnitReportReporter -->
<testsuite hostname="DESKTOP-ILIR5MF" name="TestNGTest.FacebookDemo" tests="2" failures="0" timestamp="16 Jan 2023 08:58:18 GMT" time="0.009" errors="0">
  <testcase name="url" time="0.003" classname="TestNGTest.FacebookDemo"/>
  <testcase name="title" time="0.006" classname="TestNGTest.FacebookDemo"/>
</testsuite> <!-- TestNGTest.FacebookDemo -->
