<?xml version="1.0" encoding="UTF-8"?>
<!-- Generated by org.testng.reporters.JUnitReportReporter -->
<testsuite hostname="DESKTOP-ILIR5MF" name="TestNGTest.DropdownDemo" tests="1" failures="0" timestamp="17 Jan 2023 14:47:01 GMT" time="9.486" errors="0">
  <testcase name="selectMethod" time="9.486" classname="TestNGTest.DropdownDemo"/>
</testsuite> <!-- TestNGTest.DropdownDemo -->
