<?xml version="1.0" encoding="UTF-8"?>
<!-- Generated by org.testng.reporters.JUnitReportReporter -->
<testsuite hostname="DESKTOP-ILIR5MF" name="TestNGDemo" tests="4" failures="0" timestamp="14 Jan 2023 05:50:11 GMT" time="0.011" errors="0">
  <testcase name="login" time="0.004" classname="TestNGDemo"/>
  <testcase name="card" time="0.001" classname="TestNGDemo"/>
  <testcase name="home" time="0.002" classname="TestNGDemo"/>
  <testcase name="transfer" time="0.004" classname="TestNGDemo"/>
</testsuite> <!-- TestNGDemo -->
