<?xml version="1.0" encoding="UTF-8"?>
<!-- Generated by org.testng.reporters.JUnitReportReporter -->
<testsuite hostname="DESKTOP-ILIR5MF" name="TestNGTest.GmailDemo" tests="2" failures="0" timestamp="16 Jan 2023 08:58:18 GMT" time="0.317" errors="0">
  <testcase name="url" time="0.030" classname="TestNGTest.GmailDemo"/>
  <testcase name="title" time="0.287" classname="TestNGTest.GmailDemo"/>
</testsuite> <!-- TestNGTest.GmailDemo -->
