<?xml version="1.0" encoding="UTF-8"?>
<!-- Generated by org.testng.reporters.JUnitReportReporter -->
<testsuite hostname="DESKTOP-ILIR5MF" name="TestNGTest.Dropdown2" tests="1" failures="0" timestamp="17 Jan 2023 15:50:42 GMT" time="25.142" errors="0">
  <testcase name="browserSetup" time="25.142" classname="TestNGTest.Dropdown2"/>
</testsuite> <!-- TestNGTest.Dropdown2 -->
