<?xml version="1.0" encoding="UTF-8"?>
<!-- Generated by org.testng.reporters.JUnitReportReporter -->
<testsuite hostname="DESKTOP-ILIR5MF" name="TestNGTest.FramesDemo" tests="2" failures="0" timestamp="18 Jan 2023 11:31:32 GMT" time="11.363" errors="0">
  <testcase name="framesDemo" time="5.867" classname="TestNGTest.FramesDemo"/>
  <testcase name="NestedframesDemo" time="5.496" classname="TestNGTest.FramesDemo"/>
</testsuite> <!-- TestNGTest.FramesDemo -->
