<?xml version="1.0" encoding="UTF-8"?>
<!-- Generated by org.testng.reporters.JUnitReportReporter -->
<testsuite hostname="DESKTOP-ILIR5MF" name="GroupMethodClass.Test3" tests="2" failures="0" timestamp="2 Feb 2023 12:36:09 GMT" time="0.000" errors="0">
  <testcase name="c1" time="0.000" classname="GroupMethodClass.Test3"/>
  <testcase name="c2" time="0.000" classname="GroupMethodClass.Test3"/>
</testsuite> <!-- GroupMethodClass.Test3 -->
